<?xml version="1.0" encoding="UTF-8"?>
<!-- Generated by org.testng.reporters.JUnitReportReporter -->
<testsuite hostname="NLPULTP3403737" name="com.automation.tests.Test002_VerifyRegistration" tests="1" failures="0" timestamp="3 May 2020 13:39:08 GMT" time="0.610" errors="0">
  <testcase name="VerifyRegistration" time="0.610" classname="com.automation.tests.Test002_VerifyRegistration"/>
</testsuite>
